{"title": "ok", "subtitle": "好吧", "arg": "ok$%好吧$%ok$%$%",         "icon": "icon.png"}
{"title": "super", "subtitle": "超级", "arg": "super$%超级$%super$%$%",         "icon": "icon.png"}
{"title": "super", "subtitle": "超级", "arg": "super$%超级$%super$%$%",         "icon": "icon.png"}
{"title": "super", "subtitle": "超级", "arg": "super$%超级$%super$%$%",         "icon": "icon.png"}
{"title": "dis", "subtitle": "说", "arg": "dis$%说$%dis$%$%",         "icon": "icon.png"}
{"title": "disp", "subtitle": "disp", "arg": "disp$%disp$%disp$%$%",         "icon": "icon.png"}
{"title": "dispath", "subtitle": "dispath", "arg": "dispath$%dispath$%dispath$%$%",         "icon": "icon.png"}
{"title": "dispatch", "subtitle": "调度", "arg": "dispatch$%调度$%dispatch$%$%",         "icon": "icon.png"}
{"title": "private", "subtitle": "私人", "arg": "private$%私人$%private$%$%",         "icon": "icon.png"}
{"title": "privately", "subtitle": "私下里", "arg": "privately$%私下里$%privately$%$%",         "icon": "icon.png"}
{"title": "scene", "subtitle": "场景", "arg": "scene$%场景$%scene$%$%",         "icon": "icon.png"}
{"title": "止入", "subtitle": "Check into", "arg": "止入$%Check into$%Check into$%$%",         "icon": "icon.png"}
{"title": "forbi", "subtitle": "forbi", "arg": "forbi$%forbi$%forbi$%$%",         "icon": "icon.png"}
{"title": "forbiden", "subtitle": "forbiden", "arg": "forbiden$%forbiden$%forbiden$%$%",         "icon": "icon.png"}
{"title": "forbide", "subtitle": "forbide", "arg": "forbide$%forbide$%forbide$%$%",         "icon": "icon.png"}
{"title": "forbid", "subtitle": "禁止", "arg": "forbid$%禁止$%forbid$%$%",         "icon": "icon.png"}
{"title": "forbid check", "subtitle": "禁止检查", "arg": "forbid check$%禁止检查$%forbid check$%$%",         "icon": "icon.png"}
{"title": "forbid check in", "subtitle": "禁止托运", "arg": "forbid check in$%禁止托运$%forbid check in$%$%",         "icon": "icon.png"}
{"title": "forbid check", "subtitle": "禁止检查", "arg": "forbid check$%禁止检查$%forbid check$%$%",         "icon": "icon.png"}
{"title": "forbid", "subtitle": "禁止", "arg": "forbid$%禁止$%forbid$%$%",         "icon": "icon.png"}
{"title": "forbid in", "subtitle": "禁止在", "arg": "forbid in$%禁止在$%forbid in$%$%",         "icon": "icon.png"}
{"title": "forbid", "subtitle": "禁止", "arg": "forbid$%禁止$%forbid$%$%",         "icon": "icon.png"}
{"title": "f", "subtitle": "f", "arg": "f$%f$%f$%$%",         "icon": "icon.png"}
{"title": "止入", "subtitle": "Check into", "arg": "止入$%Check into$%Check into$%$%",         "icon": "icon.png"}
{"title": "钱包", "subtitle": "The wallet", "arg": "钱包$%The wallet$%The wallet$%$%",         "icon": "icon.png"}
{"title": "钱包止入", "subtitle": "Wallet stop into the", "arg": "钱包止入$%Wallet stop into the$%Wallet stop into the$%$%",         "icon": "icon.png"}
{"title": "启动", "subtitle": "Start the", "arg": "启动$%Start the$%Start the$%$%",         "icon": "icon.png"}
{"title": "取消", "subtitle": "cancel", "arg": "取消$%cancel$%cancel$%$%",         "icon": "icon.png"}
{"title": "deactivite", "subtitle": "deactivite", "arg": "deactivite$%deactivite$%deactivite$%$%",         "icon": "icon.png"}
{"title": "启动", "subtitle": "Start the", "arg": "启动$%Start the$%Start the$%$%",         "icon": "icon.png"}
{"title": "deactivate", "subtitle": "禁用", "arg": "deactivate$%禁用$%deactivate$%$%",         "icon": "icon.png"}
{"title": "activate", "subtitle": "激活", "arg": "activate$%激活$%activate$%$%",         "icon": "icon.png"}
{"title": "occure", "subtitle": "发生血", "arg": "occure$%发生血$%occure$%$%",         "icon": "icon.png"}
{"title": "occured", "subtitle": "occured", "arg": "occured$%occured$%occured$%$%",         "icon": "icon.png"}
{"title": "occure", "subtitle": "发生血", "arg": "occure$%发生血$%occure$%$%",         "icon": "icon.png"}
{"title": "发生", "subtitle": "happen", "arg": "发生$%happen$%happen$%$%",         "icon": "icon.png"}
{"title": "选择性", "subtitle": "selective", "arg": "选择性$%selective$%selective$%$%",         "icon": "icon.png"}
{"title": "选择性参数", "subtitle": "Selective parameter", "arg": "选择性参数$%Selective parameter$%Selective parameter$%$%",         "icon": "icon.png"}
{"title": "selec", "subtitle": "selec", "arg": "selec$%selec$%selec$%$%",         "icon": "icon.png"}
{"title": "sele", "subtitle": "希利", "arg": "sele$%希利$%sele$%$%",         "icon": "icon.png"}
{"title": "seleci", "subtitle": "seleci", "arg": "seleci$%seleci$%seleci$%$%",         "icon": "icon.png"}
{"title": "selecticec", "subtitle": "selecticec", "arg": "selecticec$%selecticec$%selecticec$%$%",         "icon": "icon.png"}
{"title": "selecticc", "subtitle": "selecticc", "arg": "selecticc$%selecticc$%selecticc$%$%",         "icon": "icon.png"}
{"title": "selecti", "subtitle": "selecti", "arg": "selecti$%selecti$%selecti$%$%",         "icon": "icon.png"}
{"title": "selective", "subtitle": "有选择性的", "arg": "selective$%有选择性的$%selective$%$%",         "icon": "icon.png"}
{"title": "comma", "subtitle": "逗号", "arg": "comma$%逗号$%comma$%$%",         "icon": "icon.png"}
{"title": "comm", "subtitle": "通讯", "arg": "comm$%通讯$%comm$%$%",         "icon": "icon.png"}
{"title": "commaa", "subtitle": "commaa", "arg": "commaa$%commaa$%commaa$%$%",         "icon": "icon.png"}
{"title": "comm", "subtitle": "通讯", "arg": "comm$%通讯$%comm$%$%",         "icon": "icon.png"}
{"title": "grey", "subtitle": "灰色", "arg": "grey$%灰色$%grey$%$%",         "icon": "icon.png"}
{"title": "gray", "subtitle": "灰色的", "arg": "gray$%灰色的$%gray$%$%",         "icon": "icon.png"}
{"title": "grey", "subtitle": "灰色", "arg": "grey$%灰色$%grey$%$%",         "icon": "icon.png"}
{"title": "gray", "subtitle": "灰色的", "arg": "gray$%灰色的$%gray$%$%",         "icon": "icon.png"}
{"title": "gra", "subtitle": "绿草", "arg": "gra$%绿草$%gra$%$%",         "icon": "icon.png"}
{"title": "gr", "subtitle": "gr", "arg": "gr$%gr$%gr$%$%",         "icon": "icon.png"}
{"title": "gre", "subtitle": "gre考试", "arg": "gre$%gre考试$%gre$%$%",         "icon": "icon.png"}
{"title": "grey", "subtitle": "灰色", "arg": "grey$%灰色$%grey$%$%",         "icon": "icon.png"}
{"title": "houl", "subtitle": "houl", "arg": "houl$%houl$%houl$%$%",         "icon": "icon.png"}
{"title": "hold on", "subtitle": "抓住", "arg": "hold on$%抓住$%hold on$%$%",         "icon": "icon.png"}
{"title": "urgent", "subtitle": "紧急的", "arg": "urgent$%紧急的$%urgent$%$%",         "icon": "icon.png"}
{"title": "交易", "subtitle": "trading", "arg": "交易$%trading$%trading$%$%",         "icon": "icon.png"}
{"title": "guranteed", "subtitle": "悬念的", "arg": "guranteed$%悬念的$%guranteed$%$%",         "icon": "icon.png"}
{"title": "保证", "subtitle": "ensure", "arg": "保证$%ensure$%ensure$%$%",         "icon": "icon.png"}
{"title": "guaranteed", "subtitle": "保证", "arg": "guaranteed$%保证$%guaranteed$%$%",         "icon": "icon.png"}
{"title": "1", "subtitle": "1", "arg": "1$%1$%1$%$%",         "icon": "icon.png"}
{"title": "91 people", "subtitle": "91人", "arg": "91 people$%91人$%91 people$%$%",         "icon": "icon.png"}
{"title": "91", "subtitle": "91", "arg": "91$%91$%91$%$%",         "icon": "icon.png"}
{"title": "91人", "subtitle": "91 people", "arg": "91人$%91 people$%91 people$%$%",         "icon": "icon.png"}
{"title": "normally", "subtitle": "正常情况下", "arg": "normally$%正常情况下$%normally$%$%",         "icon": "icon.png"}
{"title": "可靠性", "subtitle": "reliability", "arg": "可靠性$%reliability$%reliability$%$%",         "icon": "icon.png"}
{"title": "可靠性", "subtitle": "reliability", "arg": "可靠性$%reliability$%reliability$%$%",         "icon": "icon.png"}
{"title": "1638748800", "subtitle": "1638748800", "arg": "1638748800$%1638748800$%1638748800$%$%",         "icon": "icon.png"}
{"title": "unit", "subtitle": "单位", "arg": "unit$%单位$%unit$%$%",         "icon": "icon.png"}
{"title": "li", "subtitle": "李", "arg": "li$%李$%li$%$%",         "icon": "icon.png"}
{"title": "literal", "subtitle": "文字", "arg": "literal$%文字$%literal$%$%",         "icon": "icon.png"}
{"title": "literal_or", "subtitle": "literal_or", "arg": "literal_or$%literal_or$%literal_or$%$%",         "icon": "icon.png"}
{"title": "literal or", "subtitle": "文字或", "arg": "literal or$%文字或$%literal or$%$%",         "icon": "icon.png"}
{"title": "literal", "subtitle": "文字", "arg": "literal$%文字$%literal$%$%",         "icon": "icon.png"}
{"title": "pary", "subtitle": "一部分", "arg": "pary$%一部分$%pary$%$%",         "icon": "icon.png"}
{"title": "partly", "subtitle": "部分", "arg": "partly$%部分$%partly$%$%",         "icon": "icon.png"}
{"title": "差别太大", "subtitle": "The difference is too big", "arg": "差别太大$%The difference is too big$%The difference is too big$%$%",         "icon": "icon.png"}
{"title": "fi", "subtitle": "fi", "arg": "fi$%fi$%fi$%$%",         "icon": "icon.png"}
{"title": "finger", "subtitle": "手指", "arg": "finger$%手指$%finger$%$%",         "icon": "icon.png"}
{"title": "frame", "subtitle": "框架", "arg": "frame$%框架$%frame$%$%",         "icon": "icon.png"}
{"title": "framera", "subtitle": "framera", "arg": "framera$%framera$%framera$%$%",         "icon": "icon.png"}
{"title": "framerate", "subtitle": "帧速率", "arg": "framerate$%帧速率$%framerate$%$%",         "icon": "icon.png"}
{"title": "assert", "subtitle": "断言", "arg": "assert$%断言$%assert$%$%",         "icon": "icon.png"}
{"title": "assertt", "subtitle": "assertt", "arg": "assertt$%assertt$%assertt$%$%",         "icon": "icon.png"}
{"title": "asserts", "subtitle": "断言", "arg": "asserts$%断言$%asserts$%$%",         "icon": "icon.png"}
{"title": "assets", "subtitle": "资产", "arg": "assets$%资产$%assets$%$%",         "icon": "icon.png"}
{"title": "mono", "subtitle": "莫诺", "arg": "mono$%莫诺$%mono$%$%",         "icon": "icon.png"}
{"title": "accessibility", "subtitle": "可访问性", "arg": "accessibility$%可访问性$%accessibility$%$%",         "icon": "icon.png"}
{"title": "kit", "subtitle": "工具包", "arg": "kit$%工具包$%kit$%$%",         "icon": "icon.png"}
{"title": "kit", "subtitle": "工具包", "arg": "kit$%工具包$%kit$%$%",         "icon": "icon.png"}
{"title": "kit", "subtitle": "工具包", "arg": "kit$%工具包$%kit$%$%",         "icon": "icon.png"}
{"title": "i", "subtitle": "我", "arg": "i$%我$%i$%$%",         "icon": "icon.png"}
{"title": "i'm", "subtitle": "我", "arg": "i'm$%我$%i'm$%$%",         "icon": "icon.png"}
{"title": "i'm", "subtitle": "我", "arg": "i'm$%我$%i'm$%$%",         "icon": "icon.png"}
{"title": "i'm , hello", "subtitle": "我,你好", "arg": "i'm , hello$%我,你好$%i'm , hello$%$%",         "icon": "icon.png"}
{"title": "hello, my t", "subtitle": "你好,我不", "arg": "hello, my t$%你好,我不$%hello, my t$%$%",         "icon": "icon.png"}
{"title": "hello, my name is ted", "subtitle": "你好,我的名字是泰德", "arg": "hello, my name is ted$%你好,我的名字是泰德$%hello, my name is ted$%$%",         "icon": "icon.png"}
{"title": "hello, my name is te", "subtitle": "你好,我的名字叫te", "arg": "hello, my name is te$%你好,我的名字叫te$%hello, my name is te$%$%",         "icon": "icon.png"}
{"title": "kit", "subtitle": "工具包", "arg": "kit$%工具包$%kit$%$%",         "icon": "icon.png"}
{"title": "assets", "subtitle": "资产", "arg": "assets$%资产$%assets$%$%",         "icon": "icon.png"}
{"title": "sans seri", "subtitle": "sans seri", "arg": "sans seri$%sans seri$%sans seri$%$%",         "icon": "icon.png"}
{"title": "sans serif", "subtitle": "无衬线字体", "arg": "sans serif$%无衬线字体$%sans serif$%$%",         "icon": "icon.png"}
{"title": "indenti", "subtitle": "indenti", "arg": "indenti$%indenti$%indenti$%$%",         "icon": "icon.png"}
{"title": "indentifa", "subtitle": "indentifa", "arg": "indentifa$%indentifa$%indentifa$%$%",         "icon": "icon.png"}
{"title": "indentification", "subtitle": "识别", "arg": "indentification$%识别$%indentification$%$%",         "icon": "icon.png"}
{"title": "slab", "subtitle": "板", "arg": "slab$%板$%slab$%$%",         "icon": "icon.png"}
{"title": "slab s", "subtitle": "板年代", "arg": "slab s$%板年代$%slab s$%$%",         "icon": "icon.png"}
{"title": "slab serif", "subtitle": "板衬线", "arg": "slab serif$%板衬线$%slab serif$%$%",         "icon": "icon.png"}
{"title": "test", "subtitle": "测试", "arg": "test$%测试$%test$%$%",         "icon": "icon.png"}
{"title": "genre", "subtitle": "类型", "arg": "genre$%类型$%genre$%$%",         "icon": "icon.png"}
{"title": "artis", "subtitle": "阿提斯动物园", "arg": "artis$%阿提斯动物园$%artis$%$%",         "icon": "icon.png"}
{"title": "artist", "subtitle": "艺术家", "arg": "artist$%艺术家$%artist$%$%",         "icon": "icon.png"}
{"title": "genre", "subtitle": "类型", "arg": "genre$%类型$%genre$%$%",         "icon": "icon.png"}
{"title": "track", "subtitle": "跟踪", "arg": "track$%跟踪$%track$%$%",         "icon": "icon.png"}
{"title": "parse", "subtitle": "解析", "arg": "parse$%解析$%parse$%$%",         "icon": "icon.png"}
{"title": "gen", "subtitle": "创", "arg": "gen$%创$%gen$%$%",         "icon": "icon.png"}
{"title": "genre", "subtitle": "类型", "arg": "genre$%类型$%genre$%$%",         "icon": "icon.png"}
{"title": "genre", "subtitle": "类型", "arg": "genre$%类型$%genre$%$%",         "icon": "icon.png"}
{"title": "阈值", "subtitle": "The threshold value", "arg": "阈值$%The threshold value$%The threshold value$%$%",         "icon": "icon.png"}
{"title": "响度", "subtitle": "loudness", "arg": "响度$%loudness$%loudness$%$%",         "icon": "icon.png"}
{"title": "recommend", "subtitle": "推荐", "arg": "recommend$%推荐$%recommend$%$%",         "icon": "icon.png"}
{"title": "wrap", "subtitle": "包装", "arg": "wrap$%包装$%wrap$%$%",         "icon": "icon.png"}
{"title": "cal", "subtitle": "卡尔", "arg": "cal$%卡尔$%cal$%$%",         "icon": "icon.png"}
{"title": "calendar", "subtitle": "日历", "arg": "calendar$%日历$%calendar$%$%",         "icon": "icon.png"}
{"title": "d", "subtitle": "d", "arg": "d$%d$%d$%$%",         "icon": "icon.png"}
{"title": "动态", "subtitle": "dynamic", "arg": "动态$%dynamic$%dynamic$%$%",         "icon": "icon.png"}
{"title": "长方形", "subtitle": "A rectangle", "arg": "长方形$%A rectangle$%A rectangle$%$%",         "icon": "icon.png"}
{"title": "特点", "subtitle": "The characteristics of", "arg": "特点$%The characteristics of$%The characteristics of$%$%",         "icon": "icon.png"}
{"title": "one", "subtitle": "一个", "arg": "one$%一个$%one$%$%",         "icon": "icon.png"}
{"title": "on", "subtitle": "在", "arg": "on$%在$%on$%$%",         "icon": "icon.png"}
{"title": "onset", "subtitle": "发病", "arg": "onset$%发病$%onset$%$%",         "icon": "icon.png"}
{"title": "onsets", "subtitle": "发作", "arg": "onsets$%发作$%onsets$%$%",         "icon": "icon.png"}
{"title": "tang", "subtitle": "唐", "arg": "tang$%唐$%tang$%$%",         "icon": "icon.png"}
{"title": "tangl", "subtitle": "tangl", "arg": "tangl$%tangl$%tangl$%$%",         "icon": "icon.png"}
{"title": "tangling", "subtitle": "缠绕", "arg": "tangling$%缠绕$%tangling$%$%",         "icon": "icon.png"}
{"title": "纳秒", "subtitle": "A nanosecond", "arg": "纳秒$%A nanosecond$%A nanosecond$%$%",         "icon": "icon.png"}
{"title": "比例", "subtitle": "The proportion", "arg": "比例$%The proportion$%The proportion$%$%",         "icon": "icon.png"}
{"title": "检索", "subtitle": "retrieve", "arg": "检索$%retrieve$%retrieve$%$%",         "icon": "icon.png"}
{"title": "me", "subtitle": "我", "arg": "me$%我$%me$%$%",         "icon": "icon.png"}
{"title": "mea", "subtitle": "意味着", "arg": "mea$%意味着$%mea$%$%",         "icon": "icon.png"}
{"title": "measure", "subtitle": "测量", "arg": "measure$%测量$%measure$%$%",         "icon": "icon.png"}
{"title": "dual", "subtitle": "双", "arg": "dual$%双$%dual$%$%",         "icon": "icon.png"}
{"title": "seg", "subtitle": "赛格", "arg": "seg$%赛格$%seg$%$%",         "icon": "icon.png"}
{"title": "segment", "subtitle": "段", "arg": "segment$%段$%segment$%$%",         "icon": "icon.png"}
{"title": "maxim", "subtitle": "格言", "arg": "maxim$%格言$%maxim$%$%",         "icon": "icon.png"}
{"title": "maximize", "subtitle": "最大化", "arg": "maximize$%最大化$%maximize$%$%",         "icon": "icon.png"}
{"title": "A", "subtitle": "一个", "arg": "A$%一个$%A$%$%",         "icon": "icon.png"}
{"title": "A值", "subtitle": "A value", "arg": "A值$%A value$%A value$%$%",         "icon": "icon.png"}
{"title": "co", "subtitle": "有限公司", "arg": "co$%有限公司$%co$%$%",         "icon": "icon.png"}
{"title": "converage", "subtitle": "社员范围", "arg": "converage$%社员范围$%converage$%$%",         "icon": "icon.png"}
{"title": "coverage", "subtitle": "报道", "arg": "coverage$%报道$%coverage$%$%",         "icon": "icon.png"}
{"title": "em", "subtitle": "新兴市场", "arg": "em$%新兴市场$%em$%$%",         "icon": "icon.png"}
{"title": "emsemble", "subtitle": "emsemble", "arg": "emsemble$%emsemble$%emsemble$%$%",         "icon": "icon.png"}
{"title": "emsemble learning", "subtitle": "emsemble学习", "arg": "emsemble learning$%emsemble学习$%emsemble learning$%$%",         "icon": "icon.png"}
{"title": "emsemble", "subtitle": "emsemble", "arg": "emsemble$%emsemble$%emsemble$%$%",         "icon": "icon.png"}
{"title": "ensemble", "subtitle": "系综", "arg": "ensemble$%系综$%ensemble$%$%",         "icon": "icon.png"}
{"title": "sy", "subtitle": "sy", "arg": "sy$%sy$%sy$%$%",         "icon": "icon.png"}
{"title": "syndication", "subtitle": "联合", "arg": "syndication$%联合$%syndication$%$%",         "icon": "icon.png"}
{"title": "hollow", "subtitle": "空心", "arg": "hollow$%空心$%hollow$%$%",         "icon": "icon.png"}
{"title": "explain", "subtitle": "解释", "arg": "explain$%解释$%explain$%$%",         "icon": "icon.png"}
{"title": "explaination", "subtitle": "解释", "arg": "explaination$%解释$%explaination$%$%",         "icon": "icon.png"}
{"title": "explainatio", "subtitle": "explainatio", "arg": "explainatio$%explainatio$%explainatio$%$%",         "icon": "icon.png"}
{"title": "explainat", "subtitle": "explainat", "arg": "explainat$%explainat$%explainat$%$%",         "icon": "icon.png"}
{"title": "explaina", "subtitle": "explaina", "arg": "explaina$%explaina$%explaina$%$%",         "icon": "icon.png"}
{"title": "explain", "subtitle": "解释", "arg": "explain$%解释$%explain$%$%",         "icon": "icon.png"}
{"title": "explai", "subtitle": "解释了", "arg": "explai$%解释了$%explai$%$%",         "icon": "icon.png"}
{"title": "あなたの閣下1650万元？ もしあれば、間違いなくセットを購入します。", "subtitle": "阁下你1650元吗?如果有错,而是购买一套。", "arg": "あなたの閣下1650万元？ もしあれば、間違いなくセットを購入します。$%阁下你1650元吗?如果有错,而是购买一套。$%阁下你1650元吗?如果有错,而是购买一套。$%$%",         "icon": "icon.png"}
{"title": "学术", "subtitle": "academic", "arg": "学术$%academic$%academic$%$%",         "icon": "icon.png"}
{"title": "学术的", "subtitle": "The academic", "arg": "学术的$%The academic$%The academic$%$%",         "icon": "icon.png"}
